Grading at 12/01/2020:14:31:20.576559
For commit ID 948f6015b24c0b59b669a8427c39324770079d8b
Grading at Tue Dec  1 22:31:17 CST 2020
Doing some basic sanity checking for your submission

Step 1
Checking that cyoa-step1 compiles
rm -f *~ cyoa-step1 cyoa-step2 cyoa-step1.o cyoa-step2.o function.o page.o book.o
g++ -std=gnu++11 -pedantic -Wall -Werror -ggdb3 -c function.cpp
g++ -std=gnu++11 -pedantic -Wall -Werror -ggdb3 -c page.cpp
g++ -std=gnu++11 -pedantic -Wall -Werror -ggdb3 -c book.cpp
g++ -std=gnu++11 -pedantic -Wall -Werror -ggdb3 -c cyoa-step1.cpp
g++ -o cyoa-step1 cyoa-step1.o function.o page.o book.o
rm cyoa-step1.o
Testing ./cyoa-step1 story1/page1.txt 
Your file matched the expected output
Testing ./cyoa-step1 story1/page8.txt 
Your file matched the expected output
Testing ./cyoa-step1 story1/page11.txt 
Your file matched the expected output

Step 2
Checking that cyoa-step2 compiles
rm -f *~ cyoa-step1 cyoa-step2 cyoa-step1.o cyoa-step2.o function.o page.o book.o
g++ -std=gnu++11 -pedantic -Wall -Werror -ggdb3 -c function.cpp
g++ -std=gnu++11 -pedantic -Wall -Werror -ggdb3 -c page.cpp
g++ -std=gnu++11 -pedantic -Wall -Werror -ggdb3 -c book.cpp
g++ -std=gnu++11 -pedantic -Wall -Werror -ggdb3 -c cyoa-step2.cpp
g++ -o cyoa-step2 cyoa-step2.o function.o page.o book.o
rm cyoa-step2.o
Testing ./cyoa-step2 story1 2\n1\n
Your file matched the expected output
Testing ./cyoa-step2 story1 1\n4\n1\n3\n
Your file matched the expected output

Step 3
Checking that cyoa-step3 compiles
rm -f *~ cyoa-step1 cyoa-step2 cyoa-step1.o cyoa-step2.o function.o page.o book.o
The code did not compile!

Step 4
Checking that cyoa-step4 compiles
rm -f *~ cyoa-step1 cyoa-step2 cyoa-step1.o cyoa-step2.o function.o page.o book.o
The code did not compile!

Step 1: PASSED
Step 2: PASSED
Step 3: FAILED
Step 4: FAILED

You have NOT passed the pregrader's test cases.
You should go back and debug the indicated step(s).

Overall Grade: NO GRADE YET
